2026-04-19 01:24:40,665 [INFO] Reading raw offers from C:\Users\marouane\Desktop\FindJob\transformers\data\rekrute_raw.json
2026-04-19 01:24:40,668 [INFO] Loaded 91 raw offers
2026-04-19 01:24:40,700 [INFO] Transformed offer | poste='Responsable Satisfaction Client (H/F)' | societe='Fondation' | lieu='Rabat et région' | contrat=CDI | exp=Intermédiaire | tech=1 | missions=4 | competences=19
2026-04-19 01:24:40,708 [INFO] Transformed offer | poste='Développeur Full Stack Big Data' | societe='Btechnologie' | lieu='Rabat et région' | contrat=CDI | exp=Intermédiaire | tech=10 | missions=7 | competences=5
2026-04-19 01:24:40,716 [INFO] Transformed offer | poste='Administrateur Base de Données' | societe='Btechnologie' | lieu='Rabat et région' | contrat=CDI | exp=Junior | tech=6 | missions=1 | competences=1
2026-04-19 01:24:40,725 [INFO] Transformed offer | poste='Senior Database Administrator' | societe='Cnexia' | lieu='Rabat et région' | contrat=CDI | exp=Confirmé | tech=8 | missions=3 | competences=23
2026-04-19 01:24:40,731 [INFO] Transformed offer | poste='Stagiaire AI Engineer (convention de stage obligatoire) (H/F)' | societe='Outsourcia' | lieu='Casablanca et région' | contrat=Stage | exp=None | tech=2 | missions=2 | competences=1
2026-04-19 01:24:40,739 [INFO] Transformed offer | poste='Vulnerability Management Analyst' | societe='Axa' | lieu='Rabat et région' | contrat=CDI | exp=Junior | tech=2 | missions=4 | competences=2
2026-04-19 01:24:40,747 [INFO] Transformed offer | poste='Vulnerability Management Expert' | societe='Axa' | lieu='Rabat et région' | contrat=CDI | exp=Confirmé | tech=2 | missions=4 | competences=4
2026-04-19 01:24:40,753 [INFO] Transformed offer | poste='Business Analyst - Engineering Inspection Services (H/ F)' | societe='Confidentiel' | lieu='Casablanca et région' | contrat=CDI | exp=Intermédiaire | tech=0 | missions=1 | competences=1
2026-04-19 01:24:40,757 [INFO] Transformed offer | poste='Business Analyst Senior – Insurance (H/ F)' | societe='Confidentiel' | lieu='Casablanca et région' | contrat=CDI | exp=Confirmé | tech=0 | missions=1 | competences=1
2026-04-19 01:24:40,765 [INFO] Transformed offer | poste='Géomaticien / Spécialiste SIG' | societe='Aya' | lieu='Agadir et région' | contrat=CDI | exp=Intermédiaire | tech=2 | missions=6 | competences=4
2026-04-19 01:24:40,773 [INFO] Transformed offer | poste='Référent Contrats Déploiement Transport et Fixe' | societe='Btechnologie' | lieu='Rabat et région' | contrat=CDI | exp=Intermédiaire | tech=1 | missions=11 | competences=1
2026-04-19 01:24:40,782 [INFO] Transformed offer | poste='Software Engineer Python / DevOps' | societe='Coface' | lieu='Casablanca et région' | contrat=CDI | exp=Intermédiaire | tech=14 | missions=5 | competences=3
2026-04-19 01:24:40,791 [INFO] Transformed offer | poste='Data Scientist / ML Engineer' | societe='Coface' | lieu='Casablanca et région' | contrat=CDI | exp=Intermédiaire | tech=12 | missions=5 | competences=1
2026-04-19 01:24:40,796 [INFO] Transformed offer | poste='Data Engineer' | societe='Confidentiel' | lieu='Casablanca et région' | contrat=CDI | exp=Confirmé | tech=9 | missions=3 | competences=1
2026-04-19 01:24:40,805 [INFO] Transformed offer | poste='Chargé(e) du Contrôle Financier et du Pilotage - Assurances & Crédit' | societe='Cac' | lieu='Casablanca et région' | contrat=CDI | exp=Intermédiaire | tech=1 | missions=4 | competences=1
2026-04-19 01:24:40,816 [INFO] Transformed offer | poste='Référent technique Java (F/H)' | societe='Sofrecom' | lieu='Casablanca et région' | contrat=CDI | exp=Confirmé | tech=7 | missions=17 | competences=2
2026-04-19 01:24:40,826 [INFO] Transformed offer | poste='HR Business Partner and Compensation & Benefits Expert' | societe='Axa' | lieu='Rabat et région' | contrat=CDI | exp=Confirmé | tech=0 | missions=20 | competences=9
2026-04-19 01:24:40,834 [INFO] Transformed offer | poste='Sr Machine Learning Engineer' | societe='Axa' | lieu='Rabat et région' | contrat=CDI | exp=Confirmé | tech=13 | missions=9 | competences=1
2026-04-19 01:24:40,840 [INFO] Transformed offer | poste='Data & AI Engineering Team Leader' | societe='Axa' | lieu='Rabat et région' | contrat=CDI | exp=Confirmé | tech=2 | missions=1 | competences=1
2026-04-19 01:24:40,848 [INFO] Transformed offer | poste='Sr Data Engineer' | societe='Axa' | lieu='Rabat et région' | contrat=CDI | exp=Confirmé | tech=7 | missions=9 | competences=7
2026-04-19 01:24:40,856 [INFO] Transformed offer | poste='Senior Python Developer' | societe='Axa' | lieu='Rabat et région' | contrat=CDI | exp=Confirmé | tech=9 | missions=5 | competences=7
2026-04-19 01:24:40,865 [INFO] Transformed offer | poste='Data analyste service client (H/F)' | societe='Btechnologie' | lieu='Rabat et région' | contrat=CDI | exp=Confirmé | tech=2 | missions=9 | competences=2
2026-04-19 01:24:40,876 [INFO] Transformed offer | poste='Tech lead Java (F/H)' | societe='Sofrecom' | lieu='Casablanca et région' | contrat=CDI | exp=Confirmé | tech=5 | missions=9 | competences=3
2026-04-19 01:24:40,882 [INFO] Transformed offer | poste='Développeur backend .NET Core / IA (H/F)' | societe='Oceane' | lieu='Casablanca et région' | contrat=CDI | exp=Débutant | tech=4 | missions=5 | competences=3
2026-04-19 01:24:40,892 [INFO] Transformed offer | poste='Senior Data Scientist' | societe='Leyton' | lieu='Casablanca et région' | contrat=CDI | exp=Intermédiaire | tech=5 | missions=13 | competences=10
2026-04-19 01:24:40,898 [INFO] Transformed offer | poste='Associate Data Science Manager' | societe='Leyton' | lieu='Casablanca et région' | contrat=CDI | exp=Confirmé | tech=0 | missions=9 | competences=4
2026-04-19 01:24:40,910 [INFO] Transformed offer | poste='Product Manager' | societe='Leyton' | lieu='Casablanca et région' | contrat=CDI | exp=Confirmé | tech=6 | missions=18 | competences=9
2026-04-19 01:24:40,916 [INFO] Transformed offer | poste='Order Coordinator' | societe='Hubei' | lieu='Casablanca et région' | contrat=CDD | exp=Junior | tech=1 | missions=6 | competences=5
2026-04-19 01:24:40,925 [INFO] Transformed offer | poste='Scientist' | societe='Um6P' | lieu='Marrakech et région' | contrat=CDI | exp=Intermédiaire | tech=0 | missions=15 | competences=12
2026-04-19 01:24:40,939 [INFO] Transformed offer | poste='Architecte Cloud DATA/BIG DATA (F/H)' | societe='Sofrecom' | lieu='Casablanca et région' | contrat=CDI | exp=Expert | tech=18 | missions=5 | competences=2
2026-04-19 01:24:40,948 [INFO] Transformed offer | poste='Accountant' | societe='Tinci' | lieu='Casablanca et région' | contrat=CDI | exp=Intermédiaire | tech=0 | missions=10 | competences=8
2026-04-19 01:24:40,956 [INFO] Transformed offer | poste='SQL Database Engineer (H/F) (GMT-5/6)' | societe='Dxc' | lieu='Rabat et région' | contrat=CDI | exp=Intermédiaire | tech=7 | missions=3 | competences=1
2026-04-19 01:24:40,962 [INFO] Transformed offer | poste='Expert DBA-SQL (H/F) (GMT-5/6)' | societe='Dxc' | lieu='Rabat et région' | contrat=CDI | exp=Confirmé | tech=7 | missions=2 | competences=1
2026-04-19 01:24:40,969 [INFO] Transformed offer | poste='Responsable Pricing' | societe='Groupe' | lieu='Casablanca et région' | contrat=CDI | exp=Intermédiaire | tech=1 | missions=7 | competences=5
2026-04-19 01:24:40,976 [INFO] Transformed offer | poste='Data Scientist / Ingénieur IA' | societe='Cac' | lieu='Casablanca et région' | contrat=CDI | exp=Intermédiaire | tech=9 | missions=4 | competences=9
2026-04-19 01:24:40,983 [INFO] Transformed offer | poste='Data Analyst' | societe='Cac' | lieu='Casablanca et région' | contrat=CDI | exp=Intermédiaire | tech=3 | missions=5 | competences=4
2026-04-19 01:24:40,990 [INFO] Transformed offer | poste='Product Manager (H/F)' | societe='Confidentiel' | lieu='Casablanca et région' | contrat=CDI | exp=Junior | tech=0 | missions=7 | competences=16
2026-04-19 01:24:41,002 [INFO] Transformed offer | poste='Développeur Fullstack net' | societe='Ipanema' | lieu='Casablanca et région' | contrat=CDI | exp=Intermédiaire | tech=10 | missions=7 | competences=9
2026-04-19 01:24:41,009 [INFO] Transformed offer | poste='Chef de Projet BI' | societe='Cac' | lieu='Casablanca et région' | contrat=CDI | exp=Confirmé | tech=6 | missions=3 | competences=2
2026-04-19 01:24:41,016 [INFO] Transformed offer | poste='Chargé(e) d’Etudes et Marketing Digital' | societe='Manpower' | lieu='Rabat et région' | contrat=CDI | exp=Junior | tech=2 | missions=14 | competences=1
2026-04-19 01:24:41,029 [INFO] Transformed offer | poste='Admissions Coordinator - SHBM' | societe='Um6P' | lieu='Marrakech et région' | contrat=CDI | exp=Intermédiaire | tech=0 | missions=20 | competences=17
2026-04-19 01:24:41,034 [INFO] Transformed offer | poste='Responsable Transport (H/F)' | societe='Confidentiel' | lieu='Casablanca et région' | contrat=CDI | exp=Intermédiaire | tech=3 | missions=9 | competences=2
2026-04-19 01:24:41,039 [INFO] Transformed offer | poste='Chef de Projet Transformation Data & Performance (H/F)' | societe='Confidentiel' | lieu='Casablanca et région' | contrat=CDI | exp=Intermédiaire | tech=1 | missions=6 | competences=4
2026-04-19 01:24:41,045 [INFO] Transformed offer | poste='Dutch & English Customer Care Representative' | societe='Telus' | lieu='Casablanca et région' | contrat=CDI | exp=Junior | tech=0 | missions=1 | competences=1
2026-04-19 01:24:41,052 [INFO] Transformed offer | poste='German & English Customer Care Representative' | societe='Telus' | lieu='Casablanca et région' | contrat=CDI | exp=Junior | tech=0 | missions=3 | competences=1
2026-04-19 01:24:41,063 [INFO] Transformed offer | poste='Administrateur Expert Middleware, Unix et Stockage (H/F)' | societe='Dxc' | lieu='Rabat et région' | contrat=CDI | exp=Confirmé | tech=8 | missions=2 | competences=10
2026-04-19 01:24:41,070 [INFO] Transformed offer | poste='Administrateur Swift (H/F)' | societe='Saham' | lieu='Casablanca et région' | contrat=CDI | exp=Intermédiaire | tech=1 | missions=15 | competences=2
2026-04-19 01:24:41,081 [INFO] Transformed offer | poste='Data Analyst Sénior H/F' | societe='Universite' | lieu='Rabat et région' | contrat=CDI | exp=Confirmé | tech=4 | missions=15 | competences=7
2026-04-19 01:24:41,087 [INFO] Transformed offer | poste='Data Engineer H/F' | societe='Alten' | lieu='Rabat et région' | contrat=CDI | exp=Débutant | tech=8 | missions=1 | competences=1
2026-04-19 01:24:41,098 [INFO] Transformed offer | poste='Azure Cloud Architect (H/F)' | societe='Dxc' | lieu='Rabat et région' | contrat=CDI | exp=Confirmé | tech=11 | missions=4 | competences=1
2026-04-19 01:24:41,105 [INFO] Transformed offer | poste='Ingénieur IP (H/F)' | societe='Btechnologie' | lieu='Rabat et région' | contrat=CDI | exp=Intermédiaire | tech=3 | missions=7 | competences=1
2026-04-19 01:24:41,115 [INFO] Transformed offer | poste='Ingénieur Etudes et Développement C#/.Net' | societe='Societe' | lieu='Casablanca et région' | contrat=CDI | exp=Intermédiaire | tech=6 | missions=3 | competences=1
2026-04-19 01:24:41,122 [INFO] Transformed offer | poste='Equity Strategist' | societe='Societe' | lieu='Casablanca et région' | contrat=CDI | exp=Junior | tech=1 | missions=6 | competences=7
2026-04-19 01:24:41,132 [INFO] Transformed offer | poste='Partner Program and Marketing' | societe='Manpower' | lieu='Casablanca et région' | contrat=Autre | exp=Confirmé | tech=2 | missions=2 | competences=4
2026-04-19 01:24:41,139 [INFO] Transformed offer | poste='Process Engineer - Scale-Up of Waste Valorization Processes' | societe='Um6P' | lieu='Rabat et région' | contrat=CDD | exp=Intermédiaire | tech=1 | missions=2 | competences=1
2026-04-19 01:24:41,154 [INFO] Transformed offer | poste='Supervisor - Stores & Inventory' | societe='Air' | lieu='Casablanca et région' | contrat=CDI | exp=Intermédiaire | tech=0 | missions=14 | competences=15
2026-04-19 01:24:41,163 [INFO] Transformed offer | poste='Bioinformatician' | societe='Um6P' | lieu='Marrakech et région' | contrat=CDI | exp=Intermédiaire | tech=3 | missions=11 | competences=18
2026-04-19 01:24:41,171 [INFO] Transformed offer | poste='Capacity Building Manager' | societe='Um6P' | lieu='Laâyoune et région' | contrat=CDI | exp=Intermédiaire | tech=0 | missions=11 | competences=2
2026-04-19 01:24:41,182 [INFO] Transformed offer | poste='Architecte Data & AI' | societe='Axa' | lieu='Rabat et région' | contrat=CDI | exp=Intermédiaire | tech=9 | missions=24 | competences=6
2026-04-19 01:24:41,191 [INFO] Transformed offer | poste='Programme Yeelen du groupe Attijariwafa bank' | societe='Attijariwafa' | lieu='Casablanca et région' | contrat=Autre | exp=Débutant | tech=1 | missions=1 | competences=6
2026-04-19 01:24:41,201 [INFO] Transformed offer | poste='Offre de Stage PFE RH orienté Data Analyst' | societe='Capgemini' | lieu='Casablanca et région' | contrat=Stage | exp=Débutant | tech=3 | missions=9 | competences=7
2026-04-19 01:24:41,211 [INFO] Transformed offer | poste='Fraud Monitoring Officer' | societe='Air' | lieu='Casablanca et région' | contrat=CDI | exp=Intermédiaire | tech=0 | missions=13 | competences=9
2026-04-19 01:24:41,216 [INFO] Transformed offer | poste='Responsable Transport' | societe='Confidentiel' | lieu='Casablanca et région' | contrat=CDI | exp=Intermédiaire | tech=3 | missions=11 | competences=8
2026-04-19 01:24:41,232 [INFO] Transformed offer | poste='Quality Assurance Engineer' | societe='Air' | lieu='Casablanca et région' | contrat=CDI | exp=Confirmé | tech=1 | missions=15 | competences=17
2026-04-19 01:24:41,242 [INFO] Transformed offer | poste='Testeur QC confirmé' | societe='Ipanema' | lieu='Casablanca et région' | contrat=CDI | exp=Confirmé | tech=6 | missions=11 | competences=4
2026-04-19 01:24:41,249 [INFO] Transformed offer | poste='Data Engineer Sénior (Data Platform)' | societe='Alten' | lieu='Rabat et région' | contrat=CDI | exp=Confirmé | tech=14 | missions=2 | competences=3
2026-04-19 01:24:41,256 [INFO] Transformed offer | poste='Data Engineer Expérimenté (Data Platform)' | societe='Alten' | lieu='Rabat et région' | contrat=CDI | exp=Confirmé | tech=11 | missions=7 | competences=2
2026-04-19 01:24:41,264 [INFO] Transformed offer | poste='Data Ops Sénior – Data Platform' | societe='Alten' | lieu='Rabat et région' | contrat=CDI | exp=Confirmé | tech=9 | missions=2 | competences=3
2026-04-19 01:24:41,269 [INFO] Transformed offer | poste='Consultant BI & BA POWER BI' | societe='Alten' | lieu='Rabat et région' | contrat=CDI | exp=Junior | tech=3 | missions=2 | competences=1
2026-04-19 01:24:41,274 [INFO] Transformed offer | poste='Data Platform Engineer' | societe='Alten' | lieu='Rabat et région' | contrat=CDI | exp=Junior | tech=7 | missions=2 | competences=1
2026-04-19 01:24:41,279 [INFO] Transformed offer | poste='BI Developer - power apps - Confirmé' | societe='Alten' | lieu='Rabat et région' | contrat=CDI | exp=Junior | tech=3 | missions=1 | competences=1
2026-04-19 01:24:41,291 [INFO] Transformed offer | poste='Application Support Specialist' | societe='Societe' | lieu='Casablanca et région' | contrat=CDI | exp=Confirmé | tech=2 | missions=4 | competences=3
2026-04-19 01:24:41,301 [INFO] Transformed offer | poste='Architecte DATA & IA (Plateform & Socle)' | societe='Alten' | lieu='Rabat et région' | contrat=CDI | exp=Confirmé | tech=9 | missions=14 | competences=2
2026-04-19 01:24:41,306 [INFO] Transformed offer | poste='DataOps Engineer' | societe='Alten' | lieu='Rabat et région' | contrat=CDI | exp=Junior | tech=7 | missions=2 | competences=1
2026-04-19 01:24:41,313 [INFO] Transformed offer | poste='Data Scientist Sénior SQL/Python' | societe='Alten' | lieu='Rabat et région' | contrat=CDI | exp=Confirmé | tech=8 | missions=7 | competences=3
2026-04-19 01:24:41,320 [INFO] Transformed offer | poste='DATA Engineer' | societe='Alten' | lieu='Rabat et région' | contrat=CDI | exp=Intermédiaire | tech=8 | missions=10 | competences=7
2026-04-19 01:24:41,324 [INFO] Transformed offer | poste='Data Analyst' | societe='Alten' | lieu='Rabat et région' | contrat=CDI | exp=Junior | tech=6 | missions=1 | competences=1
2026-04-19 01:24:41,329 [INFO] Transformed offer | poste='Data Scientist' | societe='Alten' | lieu='Rabat et région' | contrat=CDI | exp=Junior | tech=5 | missions=1 | competences=1
2026-04-19 01:24:41,333 [INFO] Transformed offer | poste='Data Engineer' | societe='Alten' | lieu='Rabat et région' | contrat=CDI | exp=Junior | tech=10 | missions=1 | competences=1
2026-04-19 01:24:41,341 [INFO] Transformed offer | poste='Project Management Officer' | societe='Alten' | lieu='Rabat et région' | contrat=CDI | exp=Confirmé | tech=1 | missions=8 | competences=10
2026-04-19 01:24:41,354 [INFO] Transformed offer | poste='Accounting Data Integration specialist – Manager & Experienced Consultant' | societe='Deloitte' | lieu='Casablanca et région' | contrat=CDI | exp=Intermédiaire | tech=2 | missions=2 | competences=16
2026-04-19 01:24:41,364 [INFO] Transformed offer | poste='AR/AP Masterdata Conversion Expert / Senior Manager ,Senior Consultant/Experienced Consultant' | societe='Deloitte' | lieu='Casablanca et région' | contrat=CDI | exp=Intermédiaire | tech=1 | missions=1 | competences=12
2026-04-19 01:24:41,372 [INFO] Transformed offer | poste='Data Analyst (H/F)' | societe='Inetum' | lieu='Casablanca et région' | contrat=CDI | exp=Junior | tech=5 | missions=7 | competences=13
2026-04-19 01:24:41,397 [INFO] Transformed offer | poste='Data Preparation Workstream Manager' | societe='Deloitte' | lieu='Casablanca et région' | contrat=CDI | exp=Confirmé | tech=2 | missions=4 | competences=1
2026-04-19 01:24:41,412 [INFO] Transformed offer | poste='Consultant Master Data Preparation' | societe='Deloitte' | lieu='Casablanca et région' | contrat=CDI | exp=Junior | tech=2 | missions=3 | competences=3
2026-04-19 01:24:41,422 [INFO] Transformed offer | poste='Software Full Stack Developer,' | societe='Ipanema' | lieu='Autres régions' | contrat=CDI | exp=Intermédiaire | tech=8 | missions=7 | competences=3
2026-04-19 01:24:41,429 [INFO] Transformed offer | poste='Software Lead Developer' | societe='Ipanema' | lieu='Casablanca et région' | contrat=CDI | exp=Expert | tech=8 | missions=14 | competences=2
2026-04-19 01:24:41,441 [INFO] Transformed offer | poste='Program Manager Smart Services / Technical Lead Data Quality (F/H)' | societe='Sofrecom' | lieu='Casablanca et région' | contrat=CDI | exp=Expert | tech=5 | missions=14 | competences=1
2026-04-19 01:24:41,450 [INFO] Transformed offer | poste='International Outreach Officer' | societe='Al' | lieu='Rabat et région' | contrat=CDI | exp=Confirmé | tech=0 | missions=19 | competences=20
2026-04-19 01:24:41,460 [INFO] Transformed offer | poste='Data Engineer (F/H)' | societe='Sofrecom' | lieu='Casablanca et région' | contrat=CDI | exp=Intermédiaire | tech=15 | missions=3 | competences=9
2026-04-19 01:24:41,466 [INFO] Transformed offer | poste='Submit Your Spontaneous Application and Join Stellantis !' | societe='Stellantis' | lieu='Casablanca et région' | contrat=CDI | exp=Intermédiaire | tech=0 | missions=3 | competences=3
2026-04-19 01:24:41,476 [INFO] Wrote 91 cleaned offers to C:\Users\marouane\Desktop\FindJob\transformers\data\rekrute_clean.json
